app/build/intermediates/manifest_merge_blame_file/debug/manifest-merger-blame-debug-report.txt
1<?xml version="1.0" encoding="utf-8"?>
2<manifest xmlns:android="http://schemas.android.com/apk/res/android"
3    package="kr.co.bbmc.paycast"
4    android:sharedUserId="android.uid.system"
5    android:versionCode="1427"
6    android:versionName="1.4.27" >
7
8    <uses-sdk
9        android:minSdkVersion="22"
9-->src\main\AndroidManifest.xml
10        android:targetSdkVersion="33" />
10-->src\main\AndroidManifest.xml
11
12    <uses-permission android:name="android.permission.WRITE_EXTERNAL_STORAGE" />
12-->src\main\AndroidManifest.xml:6:5-81
12-->src\main\AndroidManifest.xml:6:22-78
13    <uses-permission android:name="android.permission.READ_EXTERNAL_STORAGE" />
13-->src\main\AndroidManifest.xml:7:5-80
13-->src\main\AndroidManifest.xml:7:22-77
14    <uses-permission android:name="android.permission.RECEIVE_BOOT_COMPLETED" />
14-->src\main\AndroidManifest.xml:8:5-80
14-->src\main\AndroidManifest.xml:8:22-78
15    <uses-permission android:name="android.permission.INTERNET" />
15-->src\main\AndroidManifest.xml:9:5-66
15-->src\main\AndroidManifest.xml:9:22-64
16    <uses-permission android:name="android.permission.SYSTEM_ALERT_WINDOW" />
16-->src\main\AndroidManifest.xml:10:5-77
16-->src\main\AndroidManifest.xml:10:22-75
17    <uses-permission android:name="android.permission.ACCESS_NETWORK_STATE" />
17-->src\main\AndroidManifest.xml:11:5-79
17-->src\main\AndroidManifest.xml:11:22-76
18    <uses-permission android:name="android.permission.ACCESS_WIFI_STATE" />
18-->src\main\AndroidManifest.xml:12:5-76
18-->src\main\AndroidManifest.xml:12:22-73
19    <uses-permission android:name="android.permission.WAKE_LOCK" />
19-->src\main\AndroidManifest.xml:13:5-68
19-->src\main\AndroidManifest.xml:13:22-65
20    <uses-permission android:name="android.permission.MOUNT_UNMOUNT_FILESYSTEMS" />
20-->src\main\AndroidManifest.xml:14:5-15:47
20-->src\main\AndroidManifest.xml:14:22-81
21    <uses-permission android:name="android.permission.REBOOT" />
21-->src\main\AndroidManifest.xml:16:5-102
21-->src\main\AndroidManifest.xml:16:22-62
22
23    <uses-feature android:name="android.hardware.usb.host" />
23-->src\main\AndroidManifest.xml:17:5-62
23-->src\main\AndroidManifest.xml:17:19-59
24    <uses-feature android:name="android.hardware.usb" />
24-->src\main\AndroidManifest.xml:18:5-56
24-->src\main\AndroidManifest.xml:18:19-54
25
26    <uses-permission android:name="android.permission.EXPAND_STATUS_BAR" />
26-->src\main\AndroidManifest.xml:19:5-75
26-->src\main\AndroidManifest.xml:19:22-73
27    <uses-permission android:name="android.permission.SYSTEM_OVERLAY_WINDOW" />
27-->src\main\AndroidManifest.xml:20:5-80
27-->src\main\AndroidManifest.xml:20:22-77
28    <uses-permission android:name="android.permission.USB_PERMISSION" />
28-->src\main\AndroidManifest.xml:21:5-73
28-->src\main\AndroidManifest.xml:21:22-70
29
30    <queries>
30-->src\main\AndroidManifest.xml:23:5-25:15
31        <package android:name="service.vcat.smartro.com.vcat" />
31-->src\main\AndroidManifest.xml:24:9-65
31-->src\main\AndroidManifest.xml:24:18-62
32    </queries>
33
34    <permission
34-->[androidx.core:core:1.9.0] AndroidManifest.xml:22:5-24:47
35        android:name="kr.co.bbmc.paycast.DYNAMIC_RECEIVER_NOT_EXPORTED_PERMISSION"
35-->[androidx.core:core:1.9.0] AndroidManifest.xml:23:9-81
36        android:protectionLevel="signature" />
36-->[androidx.core:core:1.9.0] AndroidManifest.xml:24:9-44
37
38    <uses-permission android:name="kr.co.bbmc.paycast.DYNAMIC_RECEIVER_NOT_EXPORTED_PERMISSION" />
38-->[androidx.core:core:1.9.0] AndroidManifest.xml:26:5-97
38-->[androidx.core:core:1.9.0] AndroidManifest.xml:26:22-94
39
40    <application
40-->src\main\AndroidManifest.xml:27:5-97:19
41        android:name="kr.co.bbmc.paycast.App"
41-->src\main\AndroidManifest.xml:32:9-28
42        android:allowBackup="true"
42-->src\main\AndroidManifest.xml:28:9-35
43        android:appComponentFactory="androidx.core.app.CoreComponentFactory"
43-->[androidx.core:core:1.9.0] AndroidManifest.xml:28:18-86
44        android:debuggable="true"
45        android:hardwareAccelerated="true"
45-->src\main\AndroidManifest.xml:27:18-52
46        android:icon="@mipmap/ic_launcher"
46-->src\main\AndroidManifest.xml:29:9-43
47        android:label="@string/app_name"
47-->src\main\AndroidManifest.xml:30:9-41
48        android:largeHeap="true"
48-->src\main\AndroidManifest.xml:33:9-33
49        android:roundIcon="@mipmap/ic_launcher_round"
49-->src\main\AndroidManifest.xml:31:9-54
50        android:supportsRtl="true"
50-->[:selforderutil-debug] AndroidManifest.xml:19:9-35
51        android:theme="@style/AppTheme"
51-->src\main\AndroidManifest.xml:35:9-40
52        android:usesCleartextTraffic="true" >
52-->src\main\AndroidManifest.xml:34:9-44
53        <activity
53-->src\main\AndroidManifest.xml:36:9-50:20
54            android:name="kr.co.bbmc.paycast.presentation.main.MainKioskActivity"
54-->src\main\AndroidManifest.xml:37:13-64
55            android:clearTaskOnLaunch="true"
55-->src\main\AndroidManifest.xml:40:13-45
56            android:exported="true"
56-->src\main\AndroidManifest.xml:42:13-36
57            android:label="@string/app_name"
57-->src\main\AndroidManifest.xml:38:13-45
58            android:launchMode="singleTop"
58-->src\main\AndroidManifest.xml:39:13-43
59            android:theme="@style/AppTheme" >
59-->src\main\AndroidManifest.xml:41:13-44
60            <intent-filter>
60-->src\main\AndroidManifest.xml:43:13-47:29
61                <action android:name="android.intent.action.MAIN" />
61-->src\main\AndroidManifest.xml:44:17-69
61-->src\main\AndroidManifest.xml:44:25-66
62
63                <category android:name="android.intent.category.LAUNCHER" />
63-->src\main\AndroidManifest.xml:45:17-77
63-->src\main\AndroidManifest.xml:45:27-74
64
65                <action android:name="android.hardware.usb.action.USB_DEVICE_ATTACHED" />
65-->src\main\AndroidManifest.xml:46:17-90
65-->src\main\AndroidManifest.xml:46:25-87
66            </intent-filter>
67
68            <meta-data
68-->src\main\AndroidManifest.xml:48:13-49:57
69                android:name="android.hardware.usb.action.USB_DEVICE_ATTACHED"
69-->src\main\AndroidManifest.xml:48:24-86
70                android:resource="@xml/device_filter" />
70-->src\main\AndroidManifest.xml:49:17-54
71        </activity>
72        <activity
72-->src\main\AndroidManifest.xml:51:9-60:20
73            android:name="kr.co.bbmc.paycast.presentation.paymentKicc.CustomPaymentKiccActivity"
73-->src\main\AndroidManifest.xml:51:19-85
74            android:exported="true"
74-->src\main\AndroidManifest.xml:54:13-36
75            android:screenOrientation="portrait"
75-->src\main\AndroidManifest.xml:53:13-49
76            android:theme="@style/AppTheme" >
76-->src\main\AndroidManifest.xml:52:13-44
77            <intent-filter>
77-->src\main\AndroidManifest.xml:55:13-57:29
78                <action android:name="android.hardware.usb.action.USB_DEVICE_ATTACHED" />
78-->src\main\AndroidManifest.xml:46:17-90
78-->src\main\AndroidManifest.xml:46:25-87
79            </intent-filter>
80
81            <meta-data
81-->src\main\AndroidManifest.xml:48:13-49:57
82                android:name="android.hardware.usb.action.USB_DEVICE_ATTACHED"
82-->src\main\AndroidManifest.xml:48:24-86
83                android:resource="@xml/device_filter" />
83-->src\main\AndroidManifest.xml:49:17-54
84        </activity>
85        <activity
85-->src\main\AndroidManifest.xml:61:9-70:20
86            android:name="kr.co.bbmc.paycast.presentation.mainMenu.CustomMainMenuActivity"
86-->src\main\AndroidManifest.xml:61:19-79
87            android:exported="true"
87-->src\main\AndroidManifest.xml:64:13-36
88            android:screenOrientation="portrait"
88-->src\main\AndroidManifest.xml:63:13-49
89            android:theme="@style/AppTheme" >
89-->src\main\AndroidManifest.xml:62:13-44
90            <intent-filter>
90-->src\main\AndroidManifest.xml:55:13-57:29
91                <action android:name="android.hardware.usb.action.USB_DEVICE_ATTACHED" />
91-->src\main\AndroidManifest.xml:46:17-90
91-->src\main\AndroidManifest.xml:46:25-87
92            </intent-filter>
93
94            <meta-data
94-->src\main\AndroidManifest.xml:48:13-49:57
95                android:name="android.hardware.usb.action.USB_DEVICE_ATTACHED"
95-->src\main\AndroidManifest.xml:48:24-86
96                android:resource="@xml/device_filter" />
96-->src\main\AndroidManifest.xml:49:17-54
97        </activity>
98        <activity
98-->src\main\AndroidManifest.xml:71:9-76:20
99            android:name="kr.co.bbmc.paycast.presentation.provisioninfo.CustomProvisionInfoActivity"
99-->src\main\AndroidManifest.xml:71:19-89
100            android:configChanges="orientation|keyboardHidden|screenSize"
100-->src\main\AndroidManifest.xml:73:13-74
101            android:screenOrientation="portrait"
101-->src\main\AndroidManifest.xml:75:13-49
102            android:theme="@style/AppTheme"
102-->src\main\AndroidManifest.xml:72:13-44
103            android:windowSoftInputMode="adjustResize|stateVisible" >
103-->src\main\AndroidManifest.xml:74:13-68
104        </activity>
105
106        <receiver
106-->src\main\AndroidManifest.xml:77:9-80:20
107            android:name="kr.co.bbmc.paycast.receiver.ScAlarmReceiver"
107-->src\main\AndroidManifest.xml:78:13-53
108            android:process=":remote" >
108-->src\main\AndroidManifest.xml:79:13-38
109        </receiver>
110        <receiver
110-->src\main\AndroidManifest.xml:81:9-87:20
111            android:name="kr.co.bbmc.paycast.receiver.OnBootReceiver"
111-->src\main\AndroidManifest.xml:81:19-58
112            android:exported="true"
112-->src\main\AndroidManifest.xml:83:13-36
113            android:permission="android.permission.RECEIVE_BOOT_COMPLETED" >
113-->src\main\AndroidManifest.xml:82:13-75
114            <intent-filter>
114-->src\main\AndroidManifest.xml:84:13-86:29
115                <action android:name="android.intent.action.BOOT_COMPLETED" />
115-->src\main\AndroidManifest.xml:85:17-79
115-->src\main\AndroidManifest.xml:85:25-76
116            </intent-filter>
117        </receiver>
118        <receiver
118-->src\main\AndroidManifest.xml:88:9-94:20
119            android:name="kr.co.bbmc.paycast.receiver.OnBroadCastNetworkStatus"
119-->src\main\AndroidManifest.xml:88:19-68
120            android:exported="false"
120-->src\main\AndroidManifest.xml:90:13-37
121            android:permission="android.permission.ACCESS_NETWORK_STATE" >
121-->src\main\AndroidManifest.xml:89:13-73
122            <intent-filter>
122-->src\main\AndroidManifest.xml:91:13-93:29
123                <action android:name="android.net.conn.CONNECTIVITY_CHANGE" />
123-->src\main\AndroidManifest.xml:92:17-79
123-->src\main\AndroidManifest.xml:92:25-76
124            </intent-filter>
125        </receiver>
126
127        <service android:name="kr.co.bbmc.paycast.service.MainServiceV2" >
127-->src\main\AndroidManifest.xml:95:9-96:19
127-->src\main\AndroidManifest.xml:95:18-55
128        </service>
129
130        <activity
130-->[io.github.ParkSangGwon:tedpermission:3.3.0] AndroidManifest.xml:10:9-14:67
131            android:name="com.gun0912.tedpermission.TedPermissionActivity"
131-->[io.github.ParkSangGwon:tedpermission:3.3.0] AndroidManifest.xml:11:13-75
132            android:configChanges="mcc|mnc|locale|keyboard|keyboardHidden|screenLayout|fontScale|uiMode|orientation|screenSize|layoutDirection"
132-->[io.github.ParkSangGwon:tedpermission:3.3.0] AndroidManifest.xml:12:13-144
133            android:screenOrientation="unspecified"
133-->[io.github.ParkSangGwon:tedpermission:3.3.0] AndroidManifest.xml:13:13-52
134            android:theme="@style/Theme.Transparent.Permission" />
134-->[io.github.ParkSangGwon:tedpermission:3.3.0] AndroidManifest.xml:14:13-64
135
136        <provider
136-->[io.github.ParkSangGwon:tedpermission:3.3.0] AndroidManifest.xml:16:9-19:40
137            android:name="com.gun0912.tedpermission.provider.TedPermissionProvider"
137-->[io.github.ParkSangGwon:tedpermission:3.3.0] AndroidManifest.xml:17:13-84
138            android:authorities="kr.co.bbmc.paycast.tedpermissionprovider"
138-->[io.github.ParkSangGwon:tedpermission:3.3.0] AndroidManifest.xml:18:13-73
139            android:exported="false" />
139-->[io.github.ParkSangGwon:tedpermission:3.3.0] AndroidManifest.xml:19:13-37
140
141        <activity
141-->[androidx.compose.ui:ui-tooling:1.4.3] AndroidManifest.xml:23:9-25:39
142            android:name="androidx.compose.ui.tooling.PreviewActivity"
142-->[androidx.compose.ui:ui-tooling:1.4.3] AndroidManifest.xml:24:13-71
143            android:exported="true" />
143-->[androidx.compose.ui:ui-tooling:1.4.3] AndroidManifest.xml:25:13-36
144
145        <provider
145-->[androidx.emoji2:emoji2:1.3.0] AndroidManifest.xml:24:9-32:20
146            android:name="androidx.startup.InitializationProvider"
146-->[androidx.emoji2:emoji2:1.3.0] AndroidManifest.xml:25:13-67
147            android:authorities="kr.co.bbmc.paycast.androidx-startup"
147-->[androidx.emoji2:emoji2:1.3.0] AndroidManifest.xml:26:13-68
148            android:exported="false" >
148-->[androidx.emoji2:emoji2:1.3.0] AndroidManifest.xml:27:13-37
149            <meta-data
149-->[androidx.emoji2:emoji2:1.3.0] AndroidManifest.xml:29:13-31:52
150                android:name="androidx.emoji2.text.EmojiCompatInitializer"
150-->[androidx.emoji2:emoji2:1.3.0] AndroidManifest.xml:30:17-75
151                android:value="androidx.startup" />
151-->[androidx.emoji2:emoji2:1.3.0] AndroidManifest.xml:31:17-49
152            <meta-data
152-->[androidx.lifecycle:lifecycle-process:2.6.1] AndroidManifest.xml:29:13-31:52
153                android:name="androidx.lifecycle.ProcessLifecycleInitializer"
153-->[androidx.lifecycle:lifecycle-process:2.6.1] AndroidManifest.xml:30:17-78
154                android:value="androidx.startup" />
154-->[androidx.lifecycle:lifecycle-process:2.6.1] AndroidManifest.xml:31:17-49
155            <meta-data
155-->[androidx.profileinstaller:profileinstaller:1.3.0] AndroidManifest.xml:29:13-31:52
156                android:name="androidx.profileinstaller.ProfileInstallerInitializer"
156-->[androidx.profileinstaller:profileinstaller:1.3.0] AndroidManifest.xml:30:17-85
157                android:value="androidx.startup" />
157-->[androidx.profileinstaller:profileinstaller:1.3.0] AndroidManifest.xml:31:17-49
158        </provider>
159
160        <receiver
160-->[androidx.profileinstaller:profileinstaller:1.3.0] AndroidManifest.xml:34:9-52:20
161            android:name="androidx.profileinstaller.ProfileInstallReceiver"
161-->[androidx.profileinstaller:profileinstaller:1.3.0] AndroidManifest.xml:35:13-76
162            android:directBootAware="false"
162-->[androidx.profileinstaller:profileinstaller:1.3.0] AndroidManifest.xml:36:13-44
163            android:enabled="true"
163-->[androidx.profileinstaller:profileinstaller:1.3.0] AndroidManifest.xml:37:13-35
164            android:exported="true"
164-->[androidx.profileinstaller:profileinstaller:1.3.0] AndroidManifest.xml:38:13-36
165            android:permission="android.permission.DUMP" >
165-->[androidx.profileinstaller:profileinstaller:1.3.0] AndroidManifest.xml:39:13-57
166            <intent-filter>
166-->[androidx.profileinstaller:profileinstaller:1.3.0] AndroidManifest.xml:40:13-42:29
167                <action android:name="androidx.profileinstaller.action.INSTALL_PROFILE" />
167-->[androidx.profileinstaller:profileinstaller:1.3.0] AndroidManifest.xml:41:17-91
167-->[androidx.profileinstaller:profileinstaller:1.3.0] AndroidManifest.xml:41:25-88
168            </intent-filter>
169            <intent-filter>
169-->[androidx.profileinstaller:profileinstaller:1.3.0] AndroidManifest.xml:43:13-45:29
170                <action android:name="androidx.profileinstaller.action.SKIP_FILE" />
170-->[androidx.profileinstaller:profileinstaller:1.3.0] AndroidManifest.xml:44:17-85
170-->[androidx.profileinstaller:profileinstaller:1.3.0] AndroidManifest.xml:44:25-82
171            </intent-filter>
172            <intent-filter>
172-->[androidx.profileinstaller:profileinstaller:1.3.0] AndroidManifest.xml:46:13-48:29
173                <action android:name="androidx.profileinstaller.action.SAVE_PROFILE" />
173-->[androidx.profileinstaller:profileinstaller:1.3.0] AndroidManifest.xml:47:17-88
173-->[androidx.profileinstaller:profileinstaller:1.3.0] AndroidManifest.xml:47:25-85
174            </intent-filter>
175            <intent-filter>
175-->[androidx.profileinstaller:profileinstaller:1.3.0] AndroidManifest.xml:49:13-51:29
176                <action android:name="androidx.profileinstaller.action.BENCHMARK_OPERATION" />
176-->[androidx.profileinstaller:profileinstaller:1.3.0] AndroidManifest.xml:50:17-95
176-->[androidx.profileinstaller:profileinstaller:1.3.0] AndroidManifest.xml:50:25-92
177            </intent-filter>
178        </receiver>
179    </application>
180
181</manifest>